1728008239.659137 client started (1309005): version 3.5, socket /run/user/1000/tmux-1000/default, protocol 8
1728008239.659204 on Linux 6.10.7 #1-NixOS SMP PREEMPT_DYNAMIC Thu Aug 29 15:36:13 UTC 2024
1728008239.659218 using libevent 2.1.12-stable poll
1728008239.659235 using utf8proc 2.9.0
1728008239.659242 using ncurses 6.4 20221231
1728008239.659281 flags are 0x18010000
1728008239.659309 socket is /run/user/1000/tmux-1000/default
1728008239.659339 trying connect
1728008239.659484 add peer 0x3d239990: 6 ((nil))
1728008239.660545 sending message 111 to peer 0x3d239990 (8 bytes)
1728008239.660587 sending message 111 to peer 0x3d239990 (8 bytes)
1728008239.660598 sending message 101 to peer 0x3d239990 (10 bytes)
1728008239.660605 sending message 109 to peer 0x3d239990 (4 bytes)
1728008239.660613 sending message 102 to peer 0x3d239990 (11 bytes)
1728008239.660621 sending message 108 to peer 0x3d239990 (28 bytes)
1728008239.660629 sending message 112 to peer 0x3d239990 (58 bytes)
1728008239.660637 sending message 112 to peer 0x3d239990 (5 bytes)
1728008239.660645 sending message 112 to peer 0x3d239990 (5 bytes)
1728008239.660652 sending message 112 to peer 0x3d239990 (6 bytes)
1728008239.660660 sending message 112 to peer 0x3d239990 (6 bytes)
1728008239.660668 sending message 112 to peer 0x3d239990 (10 bytes)
1728008239.660675 sending message 112 to peer 0x3d239990 (13 bytes)
1728008239.660683 sending message 112 to peer 0x3d239990 (14 bytes)
1728008239.660691 sending message 112 to peer 0x3d239990 (19 bytes)
1728008239.660698 sending message 112 to peer 0x3d239990 (11 bytes)
1728008239.660706 sending message 112 to peer 0x3d239990 (10 bytes)
1728008239.660713 sending message 112 to peer 0x3d239990 (15 bytes)
1728008239.660721 sending message 112 to peer 0x3d239990 (21 bytes)
1728008239.660729 sending message 112 to peer 0x3d239990 (13 bytes)
1728008239.660736 sending message 112 to peer 0x3d239990 (7 bytes)
1728008239.660744 sending message 112 to peer 0x3d239990 (13 bytes)
1728008239.660752 sending message 112 to peer 0x3d239990 (7 bytes)
1728008239.660760 sending message 112 to peer 0x3d239990 (13 bytes)
1728008239.660768 sending message 112 to peer 0x3d239990 (9 bytes)
1728008239.660776 sending message 112 to peer 0x3d239990 (21 bytes)
1728008239.660783 sending message 112 to peer 0x3d239990 (13 bytes)
1728008239.660790 sending message 112 to peer 0x3d239990 (9 bytes)
1728008239.660797 sending message 112 to peer 0x3d239990 (16 bytes)
1728008239.660805 sending message 112 to peer 0x3d239990 (13 bytes)
1728008239.660813 sending message 112 to peer 0x3d239990 (9 bytes)
1728008239.660820 sending message 112 to peer 0x3d239990 (9 bytes)
1728008239.660828 sending message 112 to peer 0x3d239990 (12 bytes)
1728008239.660835 sending message 112 to peer 0x3d239990 (8 bytes)
1728008239.660843 sending message 112 to peer 0x3d239990 (8 bytes)
1728008239.660850 sending message 112 to peer 0x3d239990 (13 bytes)
1728008239.660857 sending message 112 to peer 0x3d239990 (7 bytes)
1728008239.660882 sending message 112 to peer 0x3d239990 (7 bytes)
1728008239.660895 sending message 112 to peer 0x3d239990 (9 bytes)
1728008239.660903 sending message 112 to peer 0x3d239990 (6 bytes)
1728008239.660911 sending message 112 to peer 0x3d239990 (9 bytes)
1728008239.660918 sending message 112 to peer 0x3d239990 (15 bytes)
1728008239.660926 sending message 112 to peer 0x3d239990 (13 bytes)
1728008239.660933 sending message 112 to peer 0x3d239990 (12 bytes)
1728008239.660941 sending message 112 to peer 0x3d239990 (8 bytes)
1728008239.660949 sending message 112 to peer 0x3d239990 (14 bytes)
1728008239.660956 sending message 112 to peer 0x3d239990 (11 bytes)
1728008239.660964 sending message 112 to peer 0x3d239990 (9 bytes)
1728008239.660972 sending message 112 to peer 0x3d239990 (10 bytes)
1728008239.660979 sending message 112 to peer 0x3d239990 (10 bytes)
1728008239.660987 sending message 112 to peer 0x3d239990 (10 bytes)
1728008239.660994 sending message 112 to peer 0x3d239990 (10 bytes)
1728008239.661001 sending message 112 to peer 0x3d239990 (11 bytes)
1728008239.661035 sending message 112 to peer 0x3d239990 (12 bytes)
1728008239.661044 sending message 112 to peer 0x3d239990 (12 bytes)
1728008239.661052 sending message 112 to peer 0x3d239990 (12 bytes)
1728008239.661060 sending message 112 to peer 0x3d239990 (12 bytes)
1728008239.661068 sending message 112 to peer 0x3d239990 (12 bytes)
1728008239.661076 sending message 112 to peer 0x3d239990 (11 bytes)
1728008239.661084 sending message 112 to peer 0x3d239990 (11 bytes)
1728008239.661091 sending message 112 to peer 0x3d239990 (12 bytes)
1728008239.661099 sending message 112 to peer 0x3d239990 (12 bytes)
1728008239.661106 sending message 112 to peer 0x3d239990 (12 bytes)
1728008239.661114 sending message 112 to peer 0x3d239990 (12 bytes)
1728008239.661121 sending message 112 to peer 0x3d239990 (12 bytes)
1728008239.661129 sending message 112 to peer 0x3d239990 (9 bytes)
1728008239.661136 sending message 112 to peer 0x3d239990 (12 bytes)
1728008239.661143 sending message 112 to peer 0x3d239990 (13 bytes)
1728008239.661151 sending message 112 to peer 0x3d239990 (13 bytes)
1728008239.661159 sending message 112 to peer 0x3d239990 (13 bytes)
1728008239.661167 sending message 112 to peer 0x3d239990 (13 bytes)
1728008239.661175 sending message 112 to peer 0x3d239990 (13 bytes)
1728008239.661183 sending message 112 to peer 0x3d239990 (8 bytes)
1728008239.661191 sending message 112 to peer 0x3d239990 (11 bytes)
1728008239.661198 sending message 112 to peer 0x3d239990 (11 bytes)
1728008239.661206 sending message 112 to peer 0x3d239990 (11 bytes)
1728008239.661214 sending message 112 to peer 0x3d239990 (12 bytes)
1728008239.661222 sending message 112 to peer 0x3d239990 (12 bytes)
1728008239.661230 sending message 112 to peer 0x3d239990 (12 bytes)
1728008239.661237 sending message 112 to peer 0x3d239990 (12 bytes)
1728008239.661245 sending message 112 to peer 0x3d239990 (13 bytes)
1728008239.661252 sending message 112 to peer 0x3d239990 (13 bytes)
1728008239.661260 sending message 112 to peer 0x3d239990 (13 bytes)
1728008239.661267 sending message 112 to peer 0x3d239990 (8 bytes)
1728008239.661274 sending message 112 to peer 0x3d239990 (13 bytes)
1728008239.661283 sending message 112 to peer 0x3d239990 (13 bytes)
1728008239.661291 sending message 112 to peer 0x3d239990 (13 bytes)
1728008239.661298 sending message 112 to peer 0x3d239990 (13 bytes)
1728008239.661306 sending message 112 to peer 0x3d239990 (13 bytes)
1728008239.661314 sending message 112 to peer 0x3d239990 (12 bytes)
1728008239.661321 sending message 112 to peer 0x3d239990 (12 bytes)
1728008239.661329 sending message 112 to peer 0x3d239990 (12 bytes)
1728008239.661336 sending message 112 to peer 0x3d239990 (12 bytes)
1728008239.661344 sending message 112 to peer 0x3d239990 (13 bytes)
1728008239.661351 sending message 112 to peer 0x3d239990 (8 bytes)
1728008239.661359 sending message 112 to peer 0x3d239990 (13 bytes)
1728008239.661366 sending message 112 to peer 0x3d239990 (13 bytes)
1728008239.661373 sending message 112 to peer 0x3d239990 (13 bytes)
1728008239.661382 sending message 112 to peer 0x3d239990 (13 bytes)
1728008239.661389 sending message 112 to peer 0x3d239990 (13 bytes)
1728008239.661396 sending message 112 to peer 0x3d239990 (13 bytes)
1728008239.661404 sending message 112 to peer 0x3d239990 (13 bytes)
1728008239.661412 sending message 112 to peer 0x3d239990 (12 bytes)
1728008239.661420 sending message 112 to peer 0x3d239990 (12 bytes)
1728008239.661428 sending message 112 to peer 0x3d239990 (12 bytes)
1728008239.661435 sending message 112 to peer 0x3d239990 (8 bytes)
1728008239.661443 sending message 112 to peer 0x3d239990 (12 bytes)
1728008239.661450 sending message 112 to peer 0x3d239990 (13 bytes)
1728008239.661460 sending message 112 to peer 0x3d239990 (13 bytes)
1728008239.661468 sending message 112 to peer 0x3d239990 (13 bytes)
1728008239.661476 sending message 112 to peer 0x3d239990 (13 bytes)
1728008239.661484 sending message 112 to peer 0x3d239990 (13 bytes)
1728008239.661491 sending message 112 to peer 0x3d239990 (13 bytes)
1728008239.661499 sending message 112 to peer 0x3d239990 (13 bytes)
1728008239.661520 sending message 112 to peer 0x3d239990 (13 bytes)
1728008239.661528 sending message 112 to peer 0x3d239990 (12 bytes)
1728008239.661536 sending message 112 to peer 0x3d239990 (10 bytes)
1728008239.661544 sending message 112 to peer 0x3d239990 (12 bytes)
1728008239.661552 sending message 112 to peer 0x3d239990 (12 bytes)
1728008239.661560 sending message 112 to peer 0x3d239990 (12 bytes)
1728008239.661567 sending message 112 to peer 0x3d239990 (13 bytes)
1728008239.661575 sending message 112 to peer 0x3d239990 (13 bytes)
1728008239.661583 sending message 112 to peer 0x3d239990 (13 bytes)
1728008239.661591 sending message 112 to peer 0x3d239990 (13 bytes)
1728008239.661598 sending message 112 to peer 0x3d239990 (13 bytes)
1728008239.661606 sending message 112 to peer 0x3d239990 (13 bytes)
1728008239.661614 sending message 112 to peer 0x3d239990 (13 bytes)
1728008239.661621 sending message 112 to peer 0x3d239990 (10 bytes)
1728008239.661628 sending message 112 to peer 0x3d239990 (13 bytes)
1728008239.661636 sending message 112 to peer 0x3d239990 (12 bytes)
1728008239.661643 sending message 112 to peer 0x3d239990 (12 bytes)
1728008239.661650 sending message 112 to peer 0x3d239990 (12 bytes)
1728008239.661658 sending message 112 to peer 0x3d239990 (10 bytes)
1728008239.661666 sending message 112 to peer 0x3d239990 (10 bytes)
1728008239.661674 sending message 112 to peer 0x3d239990 (10 bytes)
1728008239.661682 sending message 112 to peer 0x3d239990 (12 bytes)
1728008239.661690 sending message 112 to peer 0x3d239990 (13 bytes)
1728008239.661697 sending message 112 to peer 0x3d239990 (13 bytes)
1728008239.661705 sending message 112 to peer 0x3d239990 (13 bytes)
1728008239.661712 sending message 112 to peer 0x3d239990 (13 bytes)
1728008239.661720 sending message 112 to peer 0x3d239990 (13 bytes)
1728008239.661728 sending message 112 to peer 0x3d239990 (10 bytes)
1728008239.661735 sending message 112 to peer 0x3d239990 (11 bytes)
1728008239.661743 sending message 112 to peer 0x3d239990 (12 bytes)
1728008239.661751 sending message 112 to peer 0x3d239990 (12 bytes)
1728008239.661760 sending message 112 to peer 0x3d239990 (12 bytes)
1728008239.661768 sending message 112 to peer 0x3d239990 (12 bytes)
1728008239.661775 sending message 112 to peer 0x3d239990 (12 bytes)
1728008239.661783 sending message 112 to peer 0x3d239990 (11 bytes)
1728008239.661790 sending message 112 to peer 0x3d239990 (12 bytes)
1728008239.661798 sending message 112 to peer 0x3d239990 (12 bytes)
1728008239.662455 sending message 112 to peer 0x3d239990 (13 bytes)
1728008239.662464 sending message 112 to peer 0x3d239990 (13 bytes)
1728008239.662472 sending message 112 to peer 0x3d239990 (13 bytes)
1728008239.662479 sending message 112 to peer 0x3d239990 (13 bytes)
1728008239.662487 sending message 112 to peer 0x3d239990 (13 bytes)
1728008239.662494 sending message 112 to peer 0x3d239990 (10 bytes)
1728008239.662502 sending message 112 to peer 0x3d239990 (9 bytes)
1728008239.662510 sending message 112 to peer 0x3d239990 (12 bytes)
1728008239.662517 sending message 112 to peer 0x3d239990 (13 bytes)
1728008239.662525 sending message 112 to peer 0x3d239990 (13 bytes)
1728008239.662533 sending message 112 to peer 0x3d239990 (13 bytes)
1728008239.662540 sending message 112 to peer 0x3d239990 (13 bytes)
1728008239.662547 sending message 112 to peer 0x3d239990 (13 bytes)
1728008239.662555 sending message 112 to peer 0x3d239990 (9 bytes)
1728008239.662563 sending message 112 to peer 0x3d239990 (12 bytes)
1728008239.662571 sending message 112 to peer 0x3d239990 (13 bytes)
1728008239.662578 sending message 112 to peer 0x3d239990 (13 bytes)
1728008239.662586 sending message 112 to peer 0x3d239990 (13 bytes)
1728008239.662594 sending message 112 to peer 0x3d239990 (13 bytes)
1728008239.662601 sending message 112 to peer 0x3d239990 (13 bytes)
1728008239.662609 sending message 112 to peer 0x3d239990 (11 bytes)
1728008239.662616 sending message 112 to peer 0x3d239990 (12 bytes)
1728008239.662624 sending message 112 to peer 0x3d239990 (13 bytes)
1728008239.662655 sending message 112 to peer 0x3d239990 (13 bytes)
1728008239.662664 sending message 112 to peer 0x3d239990 (13 bytes)
1728008239.662671 sending message 112 to peer 0x3d239990 (13 bytes)
1728008239.662679 sending message 112 to peer 0x3d239990 (13 bytes)
1728008239.662687 sending message 112 to peer 0x3d239990 (11 bytes)
1728008239.662694 sending message 112 to peer 0x3d239990 (12 bytes)
1728008239.662702 sending message 112 to peer 0x3d239990 (12 bytes)
1728008239.662711 sending message 112 to peer 0x3d239990 (12 bytes)
1728008239.662719 sending message 112 to peer 0x3d239990 (12 bytes)
1728008239.662726 sending message 112 to peer 0x3d239990 (12 bytes)
1728008239.662734 sending message 112 to peer 0x3d239990 (21 bytes)
1728008239.662742 sending message 112 to peer 0x3d239990 (12 bytes)
1728008239.662750 sending message 112 to peer 0x3d239990 (9 bytes)
1728008239.662757 sending message 112 to peer 0x3d239990 (6 bytes)
1728008239.662764 sending message 112 to peer 0x3d239990 (13 bytes)
1728008239.662774 sending message 112 to peer 0x3d239990 (10 bytes)
1728008239.662783 sending message 112 to peer 0x3d239990 (24 bytes)
1728008239.662791 sending message 112 to peer 0x3d239990 (13 bytes)
1728008239.662799 sending message 112 to peer 0x3d239990 (9 bytes)
1728008239.662806 sending message 112 to peer 0x3d239990 (70 bytes)
1728008239.662815 sending message 112 to peer 0x3d239990 (69 bytes)
1728008239.662823 sending message 112 to peer 0x3d239990 (12 bytes)
1728008239.662831 sending message 112 to peer 0x3d239990 (10 bytes)
1728008239.662840 sending message 112 to peer 0x3d239990 (10 bytes)
1728008239.662847 sending message 112 to peer 0x3d239990 (24 bytes)
1728008239.662855 sending message 112 to peer 0x3d239990 (13 bytes)
1728008239.662882 sending message 112 to peer 0x3d239990 (10 bytes)
1728008239.662898 sending message 112 to peer 0x3d239990 (10 bytes)
1728008239.662906 sending message 112 to peer 0x3d239990 (17 bytes)
1728008239.662913 sending message 112 to peer 0x3d239990 (10 bytes)
1728008239.662921 sending message 112 to peer 0x3d239990 (13 bytes)
1728008239.662930 sending message 112 to peer 0x3d239990 (32 bytes)
1728008239.662938 sending message 112 to peer 0x3d239990 (9 bytes)
1728008239.662946 sending message 112 to peer 0x3d239990 (15 bytes)
1728008239.662954 sending message 112 to peer 0x3d239990 (5 bytes)
1728008239.662964 sending message 104 to peer 0x3d239990 (0 bytes)
1728008239.662973 sending message 110 to peer 0x3d239990 (0 bytes)
1728008239.662983 sending message 107 to peer 0x3d239990 (4 bytes)
1728008239.662992 sending message 105 to peer 0x3d239990 (41 bytes)
1728008239.663001 sending message 105 to peer 0x3d239990 (65 bytes)
1728008239.663010 sending message 105 to peer 0x3d239990 (35 bytes)
1728008239.663017 sending message 105 to peer 0x3d239990 (20 bytes)
1728008239.663026 sending message 105 to peer 0x3d239990 (79 bytes)
1728008239.663035 sending message 105 to peer 0x3d239990 (54 bytes)
1728008239.663042 sending message 105 to peer 0x3d239990 (23 bytes)
1728008239.663052 sending message 105 to peer 0x3d239990 (11 bytes)
1728008239.663061 sending message 105 to peer 0x3d239990 (12 bytes)
1728008239.663069 sending message 105 to peer 0x3d239990 (184 bytes)
1728008239.663077 sending message 105 to peer 0x3d239990 (23 bytes)
1728008239.663085 sending message 105 to peer 0x3d239990 (92 bytes)
1728008239.663094 sending message 105 to peer 0x3d239990 (95 bytes)
1728008239.663102 sending message 105 to peer 0x3d239990 (39 bytes)
1728008239.663110 sending message 105 to peer 0x3d239990 (14 bytes)
1728008239.663119 sending message 105 to peer 0x3d239990 (714 bytes)
1728008239.663129 sending message 105 to peer 0x3d239990 (77 bytes)
1728008239.663136 sending message 105 to peer 0x3d239990 (19 bytes)
1728008239.663145 sending message 105 to peer 0x3d239990 (43 bytes)
1728008239.663154 sending message 105 to peer 0x3d239990 (431 bytes)
1728008239.663162 sending message 105 to peer 0x3d239990 (47 bytes)
1728008239.663171 sending message 105 to peer 0x3d239990 (22 bytes)
1728008239.663194 sending message 105 to peer 0x3d239990 (28 bytes)
1728008239.663202 sending message 105 to peer 0x3d239990 (22 bytes)
1728008239.663211 sending message 105 to peer 0x3d239990 (21 bytes)
1728008239.663218 sending message 105 to peer 0x3d239990 (22 bytes)
1728008239.663226 sending message 105 to peer 0x3d239990 (36 bytes)
1728008239.663234 sending message 105 to peer 0x3d239990 (128 bytes)
1728008239.663242 sending message 105 to peer 0x3d239990 (17 bytes)
1728008239.663252 sending message 105 to peer 0x3d239990 (23 bytes)
1728008239.663267 sending message 105 to peer 0x3d239990 (30 bytes)
1728008239.663275 sending message 105 to peer 0x3d239990 (27 bytes)
1728008239.663283 sending message 105 to peer 0x3d239990 (24 bytes)
1728008239.663291 sending message 105 to peer 0x3d239990 (20 bytes)
1728008239.663298 sending message 105 to peer 0x3d239990 (23 bytes)
1728008239.663306 sending message 105 to peer 0x3d239990 (21 bytes)
1728008239.663313 sending message 105 to peer 0x3d239990 (25 bytes)
1728008239.663321 sending message 105 to peer 0x3d239990 (20 bytes)
1728008239.663329 sending message 105 to peer 0x3d239990 (72 bytes)
1728008239.663337 sending message 105 to peer 0x3d239990 (87 bytes)
1728008239.663345 sending message 105 to peer 0x3d239990 (224 bytes)
1728008239.663353 sending message 105 to peer 0x3d239990 (25 bytes)
1728008239.663361 sending message 105 to peer 0x3d239990 (64 bytes)
1728008239.663369 sending message 105 to peer 0x3d239990 (112 bytes)
1728008239.663376 sending message 105 to peer 0x3d239990 (16 bytes)
1728008239.663384 sending message 105 to peer 0x3d239990 (16 bytes)
1728008239.663394 sending message 105 to peer 0x3d239990 (140 bytes)
1728008239.663402 sending message 105 to peer 0x3d239990 (51 bytes)
1728008239.663410 sending message 105 to peer 0x3d239990 (29 bytes)
1728008239.663418 sending message 105 to peer 0x3d239990 (18 bytes)
1728008239.663426 sending message 105 to peer 0x3d239990 (17 bytes)
1728008239.663434 sending message 105 to peer 0x3d239990 (43 bytes)
1728008239.663443 sending message 105 to peer 0x3d239990 (9132 bytes)
1728008239.663502 sending message 105 to peer 0x3d239990 (53 bytes)
1728008239.663513 sending message 105 to peer 0x3d239990 (60 bytes)
1728008239.663522 sending message 105 to peer 0x3d239990 (112 bytes)
1728008239.663531 sending message 105 to peer 0x3d239990 (176 bytes)
1728008239.663538 sending message 105 to peer 0x3d239990 (60 bytes)
1728008239.663546 sending message 105 to peer 0x3d239990 (83 bytes)
1728008239.663554 sending message 105 to peer 0x3d239990 (15 bytes)
1728008239.663561 sending message 105 to peer 0x3d239990 (11 bytes)
1728008239.663569 sending message 105 to peer 0x3d239990 (50 bytes)
1728008239.663577 sending message 105 to peer 0x3d239990 (210 bytes)
1728008239.663585 sending message 105 to peer 0x3d239990 (32 bytes)
1728008239.663593 sending message 105 to peer 0x3d239990 (535 bytes)
1728008239.663601 sending message 105 to peer 0x3d239990 (310 bytes)
1728008239.663609 sending message 105 to peer 0x3d239990 (30 bytes)
1728008239.663618 sending message 105 to peer 0x3d239990 (8705 bytes)
1728008239.663630 sending message 105 to peer 0x3d239990 (23 bytes)
1728008239.663639 sending message 105 to peer 0x3d239990 (88 bytes)
1728008239.663647 sending message 105 to peer 0x3d239990 (38 bytes)
1728008239.663655 sending message 105 to peer 0x3d239990 (103 bytes)
1728008239.663663 sending message 105 to peer 0x3d239990 (90 bytes)
1728008239.663671 sending message 105 to peer 0x3d239990 (51 bytes)
1728008239.663678 sending message 105 to peer 0x3d239990 (22 bytes)
1728008239.663686 sending message 105 to peer 0x3d239990 (15 bytes)
1728008239.663694 sending message 105 to peer 0x3d239990 (267 bytes)
1728008239.663702 sending message 105 to peer 0x3d239990 (27 bytes)
1728008239.663710 sending message 105 to peer 0x3d239990 (20 bytes)
1728008239.663718 sending message 105 to peer 0x3d239990 (13 bytes)
1728008239.663726 sending message 105 to peer 0x3d239990 (26 bytes)
1728008239.663733 sending message 105 to peer 0x3d239990 (24 bytes)
1728008239.663755 sending message 105 to peer 0x3d239990 (39 bytes)
1728008239.663764 sending message 105 to peer 0x3d239990 (737 bytes)
1728008239.663772 sending message 105 to peer 0x3d239990 (16 bytes)
1728008239.663781 sending message 105 to peer 0x3d239990 (26 bytes)
1728008239.663789 sending message 105 to peer 0x3d239990 (932 bytes)
1728008239.663798 sending message 105 to peer 0x3d239990 (24 bytes)
1728008239.663809 sending message 105 to peer 0x3d239990 (24 bytes)
1728008239.663824 sending message 105 to peer 0x3d239990 (31 bytes)
1728008239.663832 sending message 105 to peer 0x3d239990 (15 bytes)
1728008239.663840 sending message 105 to peer 0x3d239990 (52 bytes)
1728008239.663847 sending message 105 to peer 0x3d239990 (23 bytes)
1728008239.663856 sending message 105 to peer 0x3d239990 (24 bytes)
1728008239.663985 sending message 105 to peer 0x3d239990 (17 bytes)
1728008239.664008 sending message 105 to peer 0x3d239990 (58 bytes)
1728008239.664016 sending message 105 to peer 0x3d239990 (25 bytes)
1728008239.664024 sending message 105 to peer 0x3d239990 (11 bytes)
1728008239.664031 sending message 105 to peer 0x3d239990 (22 bytes)
1728008239.664040 sending message 105 to peer 0x3d239990 (24 bytes)
1728008239.664048 sending message 105 to peer 0x3d239990 (44 bytes)
1728008239.664056 sending message 105 to peer 0x3d239990 (28 bytes)
1728008239.664064 sending message 105 to peer 0x3d239990 (21 bytes)
1728008239.664072 sending message 105 to peer 0x3d239990 (33 bytes)
1728008239.664079 sending message 105 to peer 0x3d239990 (25 bytes)
1728008239.664087 sending message 105 to peer 0x3d239990 (31 bytes)
1728008239.664095 sending message 105 to peer 0x3d239990 (8 bytes)
1728008239.664103 sending message 105 to peer 0x3d239990 (21 bytes)
1728008239.664111 sending message 105 to peer 0x3d239990 (29 bytes)
1728008239.664119 sending message 105 to peer 0x3d239990 (19 bytes)
1728008239.664127 sending message 105 to peer 0x3d239990 (38 bytes)
1728008239.664135 sending message 105 to peer 0x3d239990 (23 bytes)
1728008239.664142 sending message 105 to peer 0x3d239990 (38 bytes)
1728008239.664150 sending message 106 to peer 0x3d239990 (0 bytes)
1728008239.664351 sending message 200 to peer 0x3d239990 (4 bytes)
1728008239.664370 client loop enter
1728008239.699237 peer 0x3d239990 message 207
1728008239.699292 sending message 208 to peer 0x3d239990 (0 bytes)
1728008262.540844 peer 0x3d239990 message 203
1728008262.540862 sending message 205 to peer 0x3d239990 (0 bytes)
1728008262.541312 peer 0x3d239990 message 204
1728008262.541324 client loop exit
