1750163532.823748 client started (59675): version 3.5a, socket /run/user/1000/tmux-1000/default, protocol 8
1750163532.823886 on Linux 6.14.5-zen1 #1-NixOS ZEN SMP PREEMPT_DYNAMIC Tue Jan  1 00:00:00 UTC 1980
1750163532.823914 using libevent 2.1.12-stable poll
1750163532.823970 using utf8proc 2.10.0
1750163532.823996 using ncurses 6.5 20240427
1750163532.824095 flags are 0x18010000
1750163532.824150 socket is /run/user/1000/tmux-1000/default
1750163532.824198 trying connect
1750163532.824435 add peer 0x1e437b80: 6 ((nil))
1750163532.825744 sending message 111 to peer 0x1e437b80 (8 bytes)
1750163532.825784 sending message 111 to peer 0x1e437b80 (8 bytes)
1750163532.825804 sending message 101 to peer 0x1e437b80 (10 bytes)
1750163532.825820 sending message 109 to peer 0x1e437b80 (4 bytes)
1750163532.825834 sending message 102 to peer 0x1e437b80 (11 bytes)
1750163532.825849 sending message 108 to peer 0x1e437b80 (28 bytes)
1750163532.825865 sending message 112 to peer 0x1e437b80 (58 bytes)
1750163532.825881 sending message 112 to peer 0x1e437b80 (5 bytes)
1750163532.825897 sending message 112 to peer 0x1e437b80 (5 bytes)
1750163532.825914 sending message 112 to peer 0x1e437b80 (6 bytes)
1750163532.825956 sending message 112 to peer 0x1e437b80 (6 bytes)
1750163532.825976 sending message 112 to peer 0x1e437b80 (10 bytes)
1750163532.825993 sending message 112 to peer 0x1e437b80 (13 bytes)
1750163532.826022 sending message 112 to peer 0x1e437b80 (14 bytes)
1750163532.826039 sending message 112 to peer 0x1e437b80 (19 bytes)
1750163532.826056 sending message 112 to peer 0x1e437b80 (11 bytes)
1750163532.826074 sending message 112 to peer 0x1e437b80 (10 bytes)
1750163532.826092 sending message 112 to peer 0x1e437b80 (15 bytes)
1750163532.826108 sending message 112 to peer 0x1e437b80 (21 bytes)
1750163532.826125 sending message 112 to peer 0x1e437b80 (13 bytes)
1750163532.826142 sending message 112 to peer 0x1e437b80 (7 bytes)
1750163532.826158 sending message 112 to peer 0x1e437b80 (13 bytes)
1750163532.826175 sending message 112 to peer 0x1e437b80 (7 bytes)
1750163532.826191 sending message 112 to peer 0x1e437b80 (13 bytes)
1750163532.826208 sending message 112 to peer 0x1e437b80 (9 bytes)
1750163532.826225 sending message 112 to peer 0x1e437b80 (21 bytes)
1750163532.826242 sending message 112 to peer 0x1e437b80 (13 bytes)
1750163532.826259 sending message 112 to peer 0x1e437b80 (9 bytes)
1750163532.826275 sending message 112 to peer 0x1e437b80 (16 bytes)
1750163532.826291 sending message 112 to peer 0x1e437b80 (13 bytes)
1750163532.826308 sending message 112 to peer 0x1e437b80 (9 bytes)
1750163532.826325 sending message 112 to peer 0x1e437b80 (9 bytes)
1750163532.826342 sending message 112 to peer 0x1e437b80 (12 bytes)
1750163532.826358 sending message 112 to peer 0x1e437b80 (8 bytes)
1750163532.826374 sending message 112 to peer 0x1e437b80 (8 bytes)
1750163532.826391 sending message 112 to peer 0x1e437b80 (13 bytes)
1750163532.826407 sending message 112 to peer 0x1e437b80 (7 bytes)
1750163532.826424 sending message 112 to peer 0x1e437b80 (7 bytes)
1750163532.826443 sending message 112 to peer 0x1e437b80 (9 bytes)
1750163532.826460 sending message 112 to peer 0x1e437b80 (6 bytes)
1750163532.826476 sending message 112 to peer 0x1e437b80 (9 bytes)
1750163532.826492 sending message 112 to peer 0x1e437b80 (15 bytes)
1750163532.826509 sending message 112 to peer 0x1e437b80 (13 bytes)
1750163532.826525 sending message 112 to peer 0x1e437b80 (12 bytes)
1750163532.826540 sending message 112 to peer 0x1e437b80 (8 bytes)
1750163532.826556 sending message 112 to peer 0x1e437b80 (14 bytes)
1750163532.826573 sending message 112 to peer 0x1e437b80 (11 bytes)
1750163532.826589 sending message 112 to peer 0x1e437b80 (9 bytes)
1750163532.826606 sending message 112 to peer 0x1e437b80 (10 bytes)
1750163532.826622 sending message 112 to peer 0x1e437b80 (10 bytes)
1750163532.826639 sending message 112 to peer 0x1e437b80 (10 bytes)
1750163532.826655 sending message 112 to peer 0x1e437b80 (10 bytes)
1750163532.826671 sending message 112 to peer 0x1e437b80 (11 bytes)
1750163532.826726 sending message 112 to peer 0x1e437b80 (12 bytes)
1750163532.826746 sending message 112 to peer 0x1e437b80 (12 bytes)
1750163532.826761 sending message 112 to peer 0x1e437b80 (12 bytes)
1750163532.826777 sending message 112 to peer 0x1e437b80 (12 bytes)
1750163532.826794 sending message 112 to peer 0x1e437b80 (12 bytes)
1750163532.826811 sending message 112 to peer 0x1e437b80 (11 bytes)
1750163532.826828 sending message 112 to peer 0x1e437b80 (11 bytes)
1750163532.826845 sending message 112 to peer 0x1e437b80 (12 bytes)
1750163532.826861 sending message 112 to peer 0x1e437b80 (12 bytes)
1750163532.826878 sending message 112 to peer 0x1e437b80 (12 bytes)
1750163532.826895 sending message 112 to peer 0x1e437b80 (12 bytes)
1750163532.826911 sending message 112 to peer 0x1e437b80 (12 bytes)
1750163532.826945 sending message 112 to peer 0x1e437b80 (9 bytes)
1750163532.826965 sending message 112 to peer 0x1e437b80 (12 bytes)
1750163532.826981 sending message 112 to peer 0x1e437b80 (13 bytes)
1750163532.826997 sending message 112 to peer 0x1e437b80 (13 bytes)
1750163532.827022 sending message 112 to peer 0x1e437b80 (13 bytes)
1750163532.827070 sending message 112 to peer 0x1e437b80 (13 bytes)
1750163532.827107 sending message 112 to peer 0x1e437b80 (13 bytes)
1750163532.827123 sending message 112 to peer 0x1e437b80 (8 bytes)
1750163532.827140 sending message 112 to peer 0x1e437b80 (11 bytes)
1750163532.827157 sending message 112 to peer 0x1e437b80 (11 bytes)
1750163532.827174 sending message 112 to peer 0x1e437b80 (11 bytes)
1750163532.827191 sending message 112 to peer 0x1e437b80 (12 bytes)
1750163532.827208 sending message 112 to peer 0x1e437b80 (12 bytes)
1750163532.827225 sending message 112 to peer 0x1e437b80 (12 bytes)
1750163532.827242 sending message 112 to peer 0x1e437b80 (12 bytes)
1750163532.827259 sending message 112 to peer 0x1e437b80 (13 bytes)
1750163532.827275 sending message 112 to peer 0x1e437b80 (13 bytes)
1750163532.827290 sending message 112 to peer 0x1e437b80 (13 bytes)
1750163532.827307 sending message 112 to peer 0x1e437b80 (8 bytes)
1750163532.827323 sending message 112 to peer 0x1e437b80 (13 bytes)
1750163532.827341 sending message 112 to peer 0x1e437b80 (13 bytes)
1750163532.827358 sending message 112 to peer 0x1e437b80 (13 bytes)
1750163532.827377 sending message 112 to peer 0x1e437b80 (13 bytes)
1750163532.827397 sending message 112 to peer 0x1e437b80 (13 bytes)
1750163532.827415 sending message 112 to peer 0x1e437b80 (12 bytes)
1750163532.827433 sending message 112 to peer 0x1e437b80 (12 bytes)
1750163532.827449 sending message 112 to peer 0x1e437b80 (12 bytes)
1750163532.827466 sending message 112 to peer 0x1e437b80 (12 bytes)
1750163532.827483 sending message 112 to peer 0x1e437b80 (13 bytes)
1750163532.827501 sending message 112 to peer 0x1e437b80 (8 bytes)
1750163532.827518 sending message 112 to peer 0x1e437b80 (13 bytes)
1750163532.827534 sending message 112 to peer 0x1e437b80 (13 bytes)
1750163532.827552 sending message 112 to peer 0x1e437b80 (13 bytes)
1750163532.827569 sending message 112 to peer 0x1e437b80 (13 bytes)
1750163532.827585 sending message 112 to peer 0x1e437b80 (13 bytes)
1750163532.827601 sending message 112 to peer 0x1e437b80 (13 bytes)
1750163532.827618 sending message 112 to peer 0x1e437b80 (13 bytes)
1750163532.827635 sending message 112 to peer 0x1e437b80 (12 bytes)
1750163532.827652 sending message 112 to peer 0x1e437b80 (12 bytes)
1750163532.827669 sending message 112 to peer 0x1e437b80 (12 bytes)
1750163532.827686 sending message 112 to peer 0x1e437b80 (8 bytes)
1750163532.827702 sending message 112 to peer 0x1e437b80 (12 bytes)
1750163532.827719 sending message 112 to peer 0x1e437b80 (13 bytes)
1750163532.827735 sending message 112 to peer 0x1e437b80 (13 bytes)
1750163532.827752 sending message 112 to peer 0x1e437b80 (13 bytes)
1750163532.827769 sending message 112 to peer 0x1e437b80 (13 bytes)
1750163532.827786 sending message 112 to peer 0x1e437b80 (13 bytes)
1750163532.827802 sending message 112 to peer 0x1e437b80 (13 bytes)
1750163532.827819 sending message 112 to peer 0x1e437b80 (13 bytes)
1750163532.827865 sending message 112 to peer 0x1e437b80 (13 bytes)
1750163532.827884 sending message 112 to peer 0x1e437b80 (12 bytes)
1750163532.827902 sending message 112 to peer 0x1e437b80 (10 bytes)
1750163532.827919 sending message 112 to peer 0x1e437b80 (12 bytes)
1750163532.827960 sending message 112 to peer 0x1e437b80 (12 bytes)
1750163532.827980 sending message 112 to peer 0x1e437b80 (12 bytes)
1750163532.827998 sending message 112 to peer 0x1e437b80 (13 bytes)
1750163532.828024 sending message 112 to peer 0x1e437b80 (13 bytes)
1750163532.828042 sending message 112 to peer 0x1e437b80 (13 bytes)
1750163532.828060 sending message 112 to peer 0x1e437b80 (13 bytes)
1750163532.828077 sending message 112 to peer 0x1e437b80 (13 bytes)
1750163532.828094 sending message 112 to peer 0x1e437b80 (13 bytes)
1750163532.828110 sending message 112 to peer 0x1e437b80 (13 bytes)
1750163532.828128 sending message 112 to peer 0x1e437b80 (10 bytes)
1750163532.828145 sending message 112 to peer 0x1e437b80 (13 bytes)
1750163532.828162 sending message 112 to peer 0x1e437b80 (12 bytes)
1750163532.828179 sending message 112 to peer 0x1e437b80 (12 bytes)
1750163532.828195 sending message 112 to peer 0x1e437b80 (12 bytes)
1750163532.828212 sending message 112 to peer 0x1e437b80 (10 bytes)
1750163532.828230 sending message 112 to peer 0x1e437b80 (10 bytes)
1750163532.828247 sending message 112 to peer 0x1e437b80 (10 bytes)
1750163532.828264 sending message 112 to peer 0x1e437b80 (12 bytes)
1750163532.828280 sending message 112 to peer 0x1e437b80 (13 bytes)
1750163532.828298 sending message 112 to peer 0x1e437b80 (13 bytes)
1750163532.828314 sending message 112 to peer 0x1e437b80 (13 bytes)
1750163532.828331 sending message 112 to peer 0x1e437b80 (13 bytes)
1750163532.828348 sending message 112 to peer 0x1e437b80 (13 bytes)
1750163532.828364 sending message 112 to peer 0x1e437b80 (10 bytes)
1750163532.828382 sending message 112 to peer 0x1e437b80 (11 bytes)
1750163532.828399 sending message 112 to peer 0x1e437b80 (12 bytes)
1750163532.828416 sending message 112 to peer 0x1e437b80 (12 bytes)
1750163532.828433 sending message 112 to peer 0x1e437b80 (12 bytes)
1750163532.828449 sending message 112 to peer 0x1e437b80 (12 bytes)
1750163532.828467 sending message 112 to peer 0x1e437b80 (12 bytes)
1750163532.828483 sending message 112 to peer 0x1e437b80 (11 bytes)
1750163532.828501 sending message 112 to peer 0x1e437b80 (12 bytes)
1750163532.828518 sending message 112 to peer 0x1e437b80 (12 bytes)
1750163532.828535 sending message 112 to peer 0x1e437b80 (13 bytes)
1750163532.828552 sending message 112 to peer 0x1e437b80 (13 bytes)
1750163532.828569 sending message 112 to peer 0x1e437b80 (13 bytes)
1750163532.828586 sending message 112 to peer 0x1e437b80 (13 bytes)
1750163532.828603 sending message 112 to peer 0x1e437b80 (13 bytes)
1750163532.828620 sending message 112 to peer 0x1e437b80 (10 bytes)
1750163532.828636 sending message 112 to peer 0x1e437b80 (9 bytes)
1750163532.828653 sending message 112 to peer 0x1e437b80 (12 bytes)
1750163532.828671 sending message 112 to peer 0x1e437b80 (13 bytes)
1750163532.828687 sending message 112 to peer 0x1e437b80 (13 bytes)
1750163532.828704 sending message 112 to peer 0x1e437b80 (13 bytes)
1750163532.828721 sending message 112 to peer 0x1e437b80 (13 bytes)
1750163532.828737 sending message 112 to peer 0x1e437b80 (13 bytes)
1750163532.828755 sending message 112 to peer 0x1e437b80 (9 bytes)
1750163532.828772 sending message 112 to peer 0x1e437b80 (12 bytes)
1750163532.828789 sending message 112 to peer 0x1e437b80 (13 bytes)
1750163532.828806 sending message 112 to peer 0x1e437b80 (13 bytes)
1750163532.828823 sending message 112 to peer 0x1e437b80 (13 bytes)
1750163532.828840 sending message 112 to peer 0x1e437b80 (13 bytes)
1750163532.828856 sending message 112 to peer 0x1e437b80 (13 bytes)
1750163532.828873 sending message 112 to peer 0x1e437b80 (11 bytes)
1750163532.828890 sending message 112 to peer 0x1e437b80 (12 bytes)
1750163532.828908 sending message 112 to peer 0x1e437b80 (13 bytes)
1750163532.828977 sending message 112 to peer 0x1e437b80 (13 bytes)
1750163532.829010 sending message 112 to peer 0x1e437b80 (13 bytes)
1750163532.829027 sending message 112 to peer 0x1e437b80 (13 bytes)
1750163532.829043 sending message 112 to peer 0x1e437b80 (13 bytes)
1750163532.829059 sending message 112 to peer 0x1e437b80 (11 bytes)
1750163532.829077 sending message 112 to peer 0x1e437b80 (12 bytes)
1750163532.829094 sending message 112 to peer 0x1e437b80 (12 bytes)
1750163532.829112 sending message 112 to peer 0x1e437b80 (12 bytes)
1750163532.829129 sending message 112 to peer 0x1e437b80 (12 bytes)
1750163532.829148 sending message 112 to peer 0x1e437b80 (12 bytes)
1750163532.829166 sending message 112 to peer 0x1e437b80 (21 bytes)
1750163532.829183 sending message 112 to peer 0x1e437b80 (12 bytes)
1750163532.829200 sending message 112 to peer 0x1e437b80 (9 bytes)
1750163532.829217 sending message 112 to peer 0x1e437b80 (6 bytes)
1750163532.829234 sending message 112 to peer 0x1e437b80 (13 bytes)
1750163532.829252 sending message 112 to peer 0x1e437b80 (10 bytes)
1750163532.829268 sending message 112 to peer 0x1e437b80 (24 bytes)
1750163532.829285 sending message 112 to peer 0x1e437b80 (13 bytes)
1750163532.829302 sending message 112 to peer 0x1e437b80 (9 bytes)
1750163532.829319 sending message 112 to peer 0x1e437b80 (70 bytes)
1750163532.829336 sending message 112 to peer 0x1e437b80 (69 bytes)
1750163532.829355 sending message 112 to peer 0x1e437b80 (12 bytes)
1750163532.829372 sending message 112 to peer 0x1e437b80 (10 bytes)
1750163532.829389 sending message 112 to peer 0x1e437b80 (10 bytes)
1750163532.829406 sending message 112 to peer 0x1e437b80 (24 bytes)
1750163532.829423 sending message 112 to peer 0x1e437b80 (13 bytes)
1750163532.829440 sending message 112 to peer 0x1e437b80 (10 bytes)
1750163532.829458 sending message 112 to peer 0x1e437b80 (10 bytes)
1750163532.829474 sending message 112 to peer 0x1e437b80 (17 bytes)
1750163532.829509 sending message 112 to peer 0x1e437b80 (10 bytes)
1750163532.829529 sending message 112 to peer 0x1e437b80 (13 bytes)
1750163532.829546 sending message 112 to peer 0x1e437b80 (32 bytes)
1750163532.829563 sending message 112 to peer 0x1e437b80 (9 bytes)
1750163532.829580 sending message 112 to peer 0x1e437b80 (15 bytes)
1750163532.829597 sending message 112 to peer 0x1e437b80 (5 bytes)
1750163532.829616 sending message 104 to peer 0x1e437b80 (0 bytes)
1750163532.829635 sending message 110 to peer 0x1e437b80 (0 bytes)
1750163532.829653 sending message 107 to peer 0x1e437b80 (4 bytes)
1750163532.829671 sending message 105 to peer 0x1e437b80 (39 bytes)
1750163532.829688 sending message 105 to peer 0x1e437b80 (63 bytes)
1750163532.829705 sending message 105 to peer 0x1e437b80 (35 bytes)
1750163532.829722 sending message 105 to peer 0x1e437b80 (20 bytes)
1750163532.829739 sending message 105 to peer 0x1e437b80 (79 bytes)
1750163532.829756 sending message 105 to peer 0x1e437b80 (54 bytes)
1750163532.829774 sending message 105 to peer 0x1e437b80 (23 bytes)
1750163532.829791 sending message 105 to peer 0x1e437b80 (11 bytes)
1750163532.829808 sending message 105 to peer 0x1e437b80 (12 bytes)
1750163532.829825 sending message 105 to peer 0x1e437b80 (184 bytes)
1750163532.829843 sending message 105 to peer 0x1e437b80 (92 bytes)
1750163532.829861 sending message 105 to peer 0x1e437b80 (95 bytes)
1750163532.829879 sending message 105 to peer 0x1e437b80 (39 bytes)
1750163532.829895 sending message 105 to peer 0x1e437b80 (14 bytes)
1750163532.829913 sending message 105 to peer 0x1e437b80 (714 bytes)
1750163532.829996 sending message 105 to peer 0x1e437b80 (77 bytes)
1750163532.830032 sending message 105 to peer 0x1e437b80 (19 bytes)
1750163532.830050 sending message 105 to peer 0x1e437b80 (43 bytes)
1750163532.830067 sending message 105 to peer 0x1e437b80 (431 bytes)
1750163532.830085 sending message 105 to peer 0x1e437b80 (47 bytes)
1750163532.830103 sending message 105 to peer 0x1e437b80 (23 bytes)
1750163532.830121 sending message 105 to peer 0x1e437b80 (28 bytes)
1750163532.830175 sending message 105 to peer 0x1e437b80 (22 bytes)
1750163532.830194 sending message 105 to peer 0x1e437b80 (21 bytes)
1750163532.830210 sending message 105 to peer 0x1e437b80 (22 bytes)
1750163532.830227 sending message 105 to peer 0x1e437b80 (36 bytes)
1750163532.830243 sending message 105 to peer 0x1e437b80 (129 bytes)
1750163532.830283 sending message 105 to peer 0x1e437b80 (17 bytes)
1750163532.830299 sending message 105 to peer 0x1e437b80 (23 bytes)
1750163532.830314 sending message 105 to peer 0x1e437b80 (30 bytes)
1750163532.830328 sending message 105 to peer 0x1e437b80 (27 bytes)
1750163532.830343 sending message 105 to peer 0x1e437b80 (24 bytes)
1750163532.830358 sending message 105 to peer 0x1e437b80 (20 bytes)
1750163532.830372 sending message 105 to peer 0x1e437b80 (23 bytes)
1750163532.830387 sending message 105 to peer 0x1e437b80 (21 bytes)
1750163532.830401 sending message 105 to peer 0x1e437b80 (25 bytes)
1750163532.830416 sending message 105 to peer 0x1e437b80 (20 bytes)
1750163532.830431 sending message 105 to peer 0x1e437b80 (72 bytes)
1750163532.830446 sending message 105 to peer 0x1e437b80 (224 bytes)
1750163532.830461 sending message 105 to peer 0x1e437b80 (64 bytes)
1750163532.830477 sending message 105 to peer 0x1e437b80 (112 bytes)
1750163532.830491 sending message 105 to peer 0x1e437b80 (16 bytes)
1750163532.830506 sending message 105 to peer 0x1e437b80 (16 bytes)
1750163532.830521 sending message 105 to peer 0x1e437b80 (140 bytes)
1750163532.830537 sending message 105 to peer 0x1e437b80 (51 bytes)
1750163532.830553 sending message 105 to peer 0x1e437b80 (29 bytes)
1750163532.830568 sending message 105 to peer 0x1e437b80 (18 bytes)
1750163532.830582 sending message 105 to peer 0x1e437b80 (17 bytes)
1750163532.830597 sending message 105 to peer 0x1e437b80 (43 bytes)
1750163532.830614 sending message 105 to peer 0x1e437b80 (7057 bytes)
1750163532.830692 sending message 105 to peer 0x1e437b80 (53 bytes)
1750163532.830710 sending message 105 to peer 0x1e437b80 (60 bytes)
1750163532.830725 sending message 105 to peer 0x1e437b80 (76 bytes)
1750163532.830738 sending message 105 to peer 0x1e437b80 (176 bytes)
1750163532.830752 sending message 105 to peer 0x1e437b80 (60 bytes)
1750163532.830767 sending message 105 to peer 0x1e437b80 (83 bytes)
1750163532.830781 sending message 105 to peer 0x1e437b80 (15 bytes)
1750163532.830796 sending message 105 to peer 0x1e437b80 (11 bytes)
1750163532.830810 sending message 105 to peer 0x1e437b80 (50 bytes)
1750163532.830826 sending message 105 to peer 0x1e437b80 (210 bytes)
1750163532.830841 sending message 105 to peer 0x1e437b80 (32 bytes)
1750163532.830857 sending message 105 to peer 0x1e437b80 (621 bytes)
1750163532.830872 sending message 105 to peer 0x1e437b80 (310 bytes)
1750163532.830887 sending message 105 to peer 0x1e437b80 (30 bytes)
1750163532.830903 sending message 105 to peer 0x1e437b80 (7354 bytes)
1750163532.830923 sending message 105 to peer 0x1e437b80 (25 bytes)
1750163532.831088 sending message 105 to peer 0x1e437b80 (25 bytes)
1750163532.831125 sending message 105 to peer 0x1e437b80 (23 bytes)
1750163532.831140 sending message 105 to peer 0x1e437b80 (22 bytes)
1750163532.831154 sending message 105 to peer 0x1e437b80 (86 bytes)
1750163532.831169 sending message 105 to peer 0x1e437b80 (38 bytes)
1750163532.831184 sending message 105 to peer 0x1e437b80 (103 bytes)
1750163532.831199 sending message 105 to peer 0x1e437b80 (13 bytes)
1750163532.831214 sending message 105 to peer 0x1e437b80 (51 bytes)
1750163532.831229 sending message 105 to peer 0x1e437b80 (22 bytes)
1750163532.831244 sending message 105 to peer 0x1e437b80 (15 bytes)
1750163532.831258 sending message 105 to peer 0x1e437b80 (267 bytes)
1750163532.831275 sending message 105 to peer 0x1e437b80 (27 bytes)
1750163532.831289 sending message 105 to peer 0x1e437b80 (20 bytes)
1750163532.831304 sending message 105 to peer 0x1e437b80 (13 bytes)
1750163532.831318 sending message 105 to peer 0x1e437b80 (26 bytes)
1750163532.831332 sending message 105 to peer 0x1e437b80 (24 bytes)
1750163532.831373 sending message 105 to peer 0x1e437b80 (39 bytes)
1750163532.831390 sending message 105 to peer 0x1e437b80 (758 bytes)
1750163532.831406 sending message 105 to peer 0x1e437b80 (16 bytes)
1750163532.831422 sending message 105 to peer 0x1e437b80 (32 bytes)
1750163532.831437 sending message 105 to peer 0x1e437b80 (722 bytes)
1750163532.831452 sending message 105 to peer 0x1e437b80 (24 bytes)
1750163532.831470 sending message 105 to peer 0x1e437b80 (12880 bytes)
1750163532.831524 sending message 105 to peer 0x1e437b80 (24 bytes)
1750163532.831545 sending message 105 to peer 0x1e437b80 (31 bytes)
1750163532.831561 sending message 105 to peer 0x1e437b80 (15 bytes)
1750163532.831575 sending message 105 to peer 0x1e437b80 (52 bytes)
1750163532.831589 sending message 105 to peer 0x1e437b80 (23 bytes)
1750163532.831603 sending message 105 to peer 0x1e437b80 (24 bytes)
1750163532.831618 sending message 105 to peer 0x1e437b80 (17 bytes)
1750163532.831633 sending message 105 to peer 0x1e437b80 (58 bytes)
1750163532.831648 sending message 105 to peer 0x1e437b80 (25 bytes)
1750163532.831663 sending message 105 to peer 0x1e437b80 (11 bytes)
1750163532.831678 sending message 105 to peer 0x1e437b80 (22 bytes)
1750163532.831693 sending message 105 to peer 0x1e437b80 (24 bytes)
1750163532.831707 sending message 105 to peer 0x1e437b80 (44 bytes)
1750163532.831721 sending message 105 to peer 0x1e437b80 (28 bytes)
1750163532.831737 sending message 105 to peer 0x1e437b80 (21 bytes)
1750163532.831752 sending message 105 to peer 0x1e437b80 (25 bytes)
1750163532.831767 sending message 105 to peer 0x1e437b80 (31 bytes)
1750163532.831781 sending message 105 to peer 0x1e437b80 (8 bytes)
1750163532.831796 sending message 105 to peer 0x1e437b80 (40 bytes)
1750163532.831811 sending message 105 to peer 0x1e437b80 (29 bytes)
1750163532.831825 sending message 105 to peer 0x1e437b80 (19 bytes)
1750163532.831840 sending message 105 to peer 0x1e437b80 (38 bytes)
1750163532.831855 sending message 105 to peer 0x1e437b80 (38 bytes)
1750163532.831870 sending message 106 to peer 0x1e437b80 (0 bytes)
1750163532.832222 sending message 200 to peer 0x1e437b80 (4 bytes)
1750163532.832258 client loop enter
1750163532.881504 peer 0x1e437b80 message 207
1750163532.881550 sending message 208 to peer 0x1e437b80 (0 bytes)
1750242103.916359 peer 0x1e437b80 message 201
1750242103.926174 sending message 205 to peer 0x1e437b80 (0 bytes)
1750242103.929696 peer 0x1e437b80 message 204
1750242103.929762 client loop exit
